Arguments: 
  C:\Program Files\nodejs\node.exe C:\Program Files (x86)\Yarn\bin\yarn.js install

PATH: 
  C:\Program Files (x86)\Microsoft SDKs\Azure\CLI2\wbin;C:\Program Files (x86)\Intel\TXE Components\TCS\;C:\Program Files\Intel\TXE Components\TCS\;C:\WINDOWS\system32;C:\WINDOWS;C:\WINDOWS\System32\Wbem;C:\WINDOWS\System32\WindowsPowerShell\v1.0\;C:\WINDOWS\System32\OpenSSH\;C:\Program Files\nodejs\;C:\ProgramData\chocolatey\bin;C:\Python38;C:\Program Files\Docker\Docker\resources\bin;C:\ProgramData\DockerDesktop\version-bin;C:\Program Files\Git\cmd;C:\Program Files\dotnet\;C:\Program Files\Microsoft SQL Server\130\Tools\Binn\;C:\Program Files\Microsoft SQL Server\Client SDK\ODBC\170\Tools\Binn\;C:\Program Files (x86)\Yarn\bin\;C:\Ruby26-x64\bin;C:\Users\jc13m\AppData\Local\Programs\Python\Python38\;C:\Users\jc13m\AppData\Local\Microsoft\WindowsApps;C:\Users\jc13m\AppData\Local\Programs\Microsoft VS Code\bin;C:\Users\jc13m\AppData\Roaming\npm;C:\Program Files\MongoDB\Server\4.2\bin\;C:\Python38\;C:\Python38\Scripts\;C:\Program Files\heroku\bin;C:\Users\jc13m\AppData\Local\Yarn\bin

Yarn version: 
  1.22.4

Node version: 
  12.18.0

Platform: 
  win32 x64

Trace: 
  Error: https://registry.yarnpkg.com/rxjs/-/rxjs-5.5.12.tgz: ESOCKETTIMEDOUT
      at ClientRequest.<anonymous> (C:\Program Files (x86)\Yarn\lib\cli.js:141375:19)
      at Object.onceWrapper (events.js:421:28)
      at ClientRequest.emit (events.js:315:20)
      at TLSSocket.emitRequestTimeout (_http_client.js:709:9)
      at Object.onceWrapper (events.js:421:28)
      at TLSSocket.emit (events.js:327:22)
      at TLSSocket.Socket._onTimeout (net.js:481:8)
      at listOnTimeout (internal/timers.js:549:17)
      at processTimers (internal/timers.js:492:7)

npm manifest: 
  {
    "name": "Gametable-application",
    "version": "1.0.0",
    "description": "Example code for deploying mongo course",
    "repository": "https://github.com/synedra/node_deploy",
    "main": "app.js",
    "engines": {
      "node": ">=7.0"
    },
    "scripts": {
      "start": "node app.js",
      "ng": "ng",
      "postinstall": "node build.js",
      "test": "node test.js",
      "pree2e": "webdriver-manager update --standalone false --gecko false",
      "e2e": "protractor"
    },
    "author": "Kirsten Hunter",
    "license": "ISC",
    "dependencies": {
      "@angular-devkit/schematics": "0.0.40",
      "@angular/animations": "^5.1.0",
      "@angular/cli": "^1.6.0",
      "@angular/common": "^5.1.0",
      "@angular/compiler": "^5.1.0",
      "@angular/compiler-cli": "^5.1.0",
      "@angular/core": "^5.1.0",
      "@angular/forms": "^5.1.0",
      "@angular/http": "^5.1.0",
      "@angular/platform-browser": "^5.1.0",
      "@angular/platform-browser-dynamic": "^5.1.0",
      "@angular/platform-server": "^5.1.0",
      "@angular/router": "^5.1.0",
      "angular2-moment": "^1.7.1",
      "body-parser": "^1.18.2",
      "codelyzer": "^4.0.1",
      "core-js": "^2.4.1",
      "cors": "^2.8.4",
      "cross-var": "^1.1.0",
      "express": "^4.16.2",
      "karma": "^1.7.1",
      "method-override": "^2.3.10",
      "mocha": "^4.0.1",
      "mongoose": "^4.13.6",
      "rxjs": "^5.0.1",
      "supertest": "^3.0.0",
      "tape": "^4.8.0",
      "ts-helpers": "^1.1.1",
      "tslint": "^5.8.0",
      "typescript": "2.4.2",
      "zone.js": "^0.8.4"
    }
  }

yarn manifest: 
  No manifest

Lockfile: 
  No lockfile
